{"name": "test_message_disappeared_after_adding_product_to_basket", "status": "skipped", "statusDetails": {"message": "XFAIL\n\nAssertionError: Success message is presented, but should not be", "trace": "self = <module_5.test_product_page.TestProductPage object at 0x000001DF55D554F0>, browser = <selenium.webdriver.chrome.webdriver.WebDriver (session=\"4d2f3ccebecc6b8ca09029f2c1998438\")>\n\n    @pytest.mark.xfail\n    def test_message_disappeared_after_adding_product_to_basket(self, browser):\n        # Arrange\n        page = ProductPage(browser, page_link)\n        page.open()\n    \n        # Act\n        page.click_add_to_basket_button()\n    \n        # Assert\n>       page.should_be_success_message_is_disappeared()\n\nmodule_5\\test_product_page.py:66: \n_ _ _ _ _ _ _ _ _ _ _ _ _ _ _ _ _ _ _ _ _ _ _ _ _ _ _ _ _ _ _ _ _ _ _ _ _ _ _ _ _ _ _ _ _ _ _ _ _ _ _ _ _ _ _ _ _ _ _ _ _ _ _ _ _ _ _ _ _ _ _ _ _ _ _ _ _ _ _ _ _ _ _ _ _ _ _ _ _ _ _ _ _ _ _ _ _ _ _ _ _ _ _ _ _ _ _ _ _ _ _ _ _ _ _ _ \n\nself = <module_5.pages.product_page.ProductPage object at 0x000001DF55D33880>\n\n    def should_be_success_message_is_disappeared(self):\n>       assert self.is_disappeared(\n            *ProductPageLocators.SUCCESS_MESSAGE_LOCATOR), \"Success message is presented, but should not be\"\nE       AssertionError: Success message is presented, but should not be\n\nmodule_5\\pages\\product_page.py:39: AssertionError"}, "start": 1616016160930, "stop": 1616016168246, "uuid": "d0376cb1-0610-4a9e-bd3c-abc6c684d980", "historyId": "b1c3189d6400963e937a7a94e38cea78", "testCaseId": "f66e00741f4a223b46a7d8138cfe073c", "fullName": "module_5.test_product_page.TestProductPage#test_message_disappeared_after_adding_product_to_basket", "labels": [{"name": "tag", "value": "@pytest.mark.xfail"}, {"name": "parentSuite", "value": "module_5"}, {"name": "suite", "value": "test_product_page"}, {"name": "subSuite", "value": "TestProductPage"}, {"name": "host", "value": "WIN-A91CKCFULIL"}, {"name": "thread", "value": "17704-MainThread"}, {"name": "framework", "value": "pytest"}, {"name": "language", "value": "cpython3"}, {"name": "package", "value": "module_5.test_product_page"}]}